<?xml version="1.0" encoding="UTF-8"?>
<robot generator="Robot 7.1.1 (Python 3.12.6 on win32)" generated="2024-11-10T22:52:15.324241" rpa="false" schemaversion="5">
<suite id="s1" name="Tests-Robot" source="D:\python\testing\tests-robot">
<suite id="s1-s1" name="Test Movie" source="D:\python\testing\tests-robot\test_movie.robot">
<kw name="Setup Browser With Cookies" owner="setup_teardown" type="SETUP">
<kw name="Create Driver" owner="utilities">
<msg time="2024-11-10T22:52:15.921879" level="INFO">====== WebDriver manager ======</msg>
<msg time="2024-11-10T22:52:16.853554" level="INFO">Get LATEST chromedriver version for google-chrome</msg>
<msg time="2024-11-10T22:52:17.038805" level="INFO">Get LATEST chromedriver version for google-chrome</msg>
<msg time="2024-11-10T22:52:17.150249" level="INFO">Driver [C:\Users\pauul\.wdm\drivers\chromedriver\win64\130.0.6723.116\chromedriver-win32/chromedriver.exe] found in cache</msg>
<msg time="2024-11-10T22:52:18.261530" level="INFO">${driver} = &lt;selenium.webdriver.chrome.webdriver.WebDriver (session="7f9da73457712a558d6f1b7e3f08c47d")&gt;</msg>
<var>${driver}</var>
<status status="PASS" start="2024-11-10T22:52:15.914615" elapsed="2.346915"/>
</kw>
<kw name="Get Cookies From File" owner="login_keyword">
<kw name="Run Keyword And Return Status" owner="BuiltIn">
<kw name="Read Cookies" owner="LoginPage">
<arg>${COOKIES_FILE}</arg>
<status status="PASS" start="2024-11-10T22:52:18.261530" elapsed="0.000000"/>
</kw>
<msg time="2024-11-10T22:52:18.261530" level="INFO">${cookies} = True</msg>
<var>${cookies}</var>
<arg>LoginPage.Read Cookies</arg>
<arg>${COOKIES_FILE}</arg>
<doc>Runs the given keyword with given arguments and returns the status as a Boolean value.</doc>
<status status="PASS" start="2024-11-10T22:52:18.261530" elapsed="0.000000"/>
</kw>
<return>
<value>${cookies}</value>
<status status="PASS" start="2024-11-10T22:52:18.261530" elapsed="0.000000"/>
</return>
<msg time="2024-11-10T22:52:18.261530" level="INFO">${is_cookies} = True</msg>
<var>${is_cookies}</var>
<doc>Checks if cookies are saved or if the file is empty</doc>
<status status="PASS" start="2024-11-10T22:52:18.261530" elapsed="0.000000"/>
</kw>
<kw name="Skip If" owner="BuiltIn">
<arg>$is_cookies == ${False}</arg>
<arg>Cookies file not found</arg>
<doc>Skips the rest of the current test if the ``condition`` is True.</doc>
<status status="PASS" start="2024-11-10T22:52:18.261530" elapsed="0.000000"/>
</kw>
<kw name="Set Driver" owner="BasePage">
<arg>${driver}</arg>
<status status="PASS" start="2024-11-10T22:52:18.261530" elapsed="0.000000"/>
</kw>
<kw name="Add Cookies To Driver" owner="BasePage">
<arg>${COOKIES_FILE}</arg>
<status status="PASS" start="2024-11-10T22:52:18.261530" elapsed="0.036661"/>
</kw>
<kw name="Get Url" owner="BasePage">
<arg>${BASE_URL}</arg>
<status status="PASS" start="2024-11-10T22:52:18.298191" elapsed="3.865508"/>
</kw>
<kw name="Set Suite Variable" owner="BuiltIn">
<msg time="2024-11-10T22:52:22.163699" level="INFO">${driver} = &lt;selenium.webdriver.chrome.webdriver.WebDriver (session="7f9da73457712a558d6f1b7e3f08c47d")&gt;</msg>
<arg>${driver}</arg>
<doc>Makes a variable available everywhere within the scope of the current suite.</doc>
<status status="PASS" start="2024-11-10T22:52:22.163699" elapsed="0.000000"/>
</kw>
<doc>Open browser Chrome using cookies (working when cookies are fresh)</doc>
<status status="PASS" start="2024-11-10T22:52:15.914615" elapsed="6.250099"/>
</kw>
<test id="s1-s1-t1" name="Rate Multiple Films Or Tv Shows" line="9">
<kw name="Rate Film Or Tv Show" owner="movie_keyword">
<kw name="Open Film Or Tv Show Page" owner="movie_keyword">
<kw name="Set Driver" owner="MoviePage">
<arg>${driver}</arg>
<status status="PASS" start="2024-11-10T22:52:22.165722" elapsed="0.000000"/>
</kw>
<kw name="Get Url" owner="MoviePage">
<arg>${BASE_URL}/search#/?query=${title}</arg>
<status status="PASS" start="2024-11-10T22:52:22.165722" elapsed="0.472794"/>
</kw>
<kw name="Open Page" owner="MoviePage">
<arg>${title}</arg>
<status status="PASS" start="2024-11-10T22:52:22.638516" elapsed="3.035689"/>
</kw>
<arg>${title}</arg>
<status status="PASS" start="2024-11-10T22:52:22.164714" elapsed="3.509491"/>
</kw>
<kw name="Give Star In Rating Section" owner="movie_keyword">
<kw name="Scroll To Rating Section" owner="MoviePage">
<status status="PASS" start="2024-11-10T22:52:25.674205" elapsed="3.034688"/>
</kw>
<kw name="Check Rate" owner="MoviePage">
<msg time="2024-11-10T22:52:31.746590" level="INFO">${element} = moja ocena:</msg>
<var>${element}</var>
<status status="PASS" start="2024-11-10T22:52:28.708893" elapsed="3.037697"/>
</kw>
<if>
<branch type="IF" condition="&quot;${element}&quot; == &quot;moja ocena:&quot;">
<kw name="Rate Film" owner="MoviePage">
<arg>${rate}</arg>
<status status="PASS" start="2024-11-10T22:52:31.746590" elapsed="2.318945"/>
</kw>
<status status="PASS" start="2024-11-10T22:52:31.746590" elapsed="2.318945"/>
</branch>
<branch type="ELSE IF" condition="&quot;${element}&quot; == &quot;brak oceny&quot;">
<kw name="Rate Film" owner="MoviePage">
<arg>${rate}</arg>
<status status="NOT RUN" start="2024-11-10T22:52:34.065535" elapsed="0.000000"/>
</kw>
<status status="NOT RUN" start="2024-11-10T22:52:34.065535" elapsed="0.000000"/>
</branch>
<branch type="ELSE">
<kw name="Fail" owner="BuiltIn">
<doc>Fails the test with the given message and optionally alters its tags.</doc>
<status status="NOT RUN" start="2024-11-10T22:52:34.065535" elapsed="0.000000"/>
</kw>
<status status="NOT RUN" start="2024-11-10T22:52:34.065535" elapsed="0.000000"/>
</branch>
<status status="PASS" start="2024-11-10T22:52:31.746590" elapsed="2.318945"/>
</if>
<kw name="Check Rate" owner="MoviePage">
<msg time="2024-11-10T22:52:37.073898" level="INFO">${element} = Niezły</msg>
<var>${element}</var>
<status status="PASS" start="2024-11-10T22:52:34.065535" elapsed="3.008363"/>
</kw>
<if>
<branch type="IF" condition="&quot;${element}&quot; == &quot;moja ocena:&quot;">
<kw name="Fail" owner="BuiltIn">
<doc>Fails the test with the given message and optionally alters its tags.</doc>
<status status="NOT RUN" start="2024-11-10T22:52:37.089543" elapsed="0.000000"/>
</kw>
<status status="NOT RUN" start="2024-11-10T22:52:37.073898" elapsed="0.015645"/>
</branch>
<branch type="ELSE IF" condition="&quot;${element}&quot; == &quot;brak oceny&quot;">
<kw name="Fail" owner="BuiltIn">
<doc>Fails the test with the given message and optionally alters its tags.</doc>
<status status="NOT RUN" start="2024-11-10T22:52:37.089543" elapsed="0.000000"/>
</kw>
<status status="NOT RUN" start="2024-11-10T22:52:37.089543" elapsed="0.000000"/>
</branch>
<status status="PASS" start="2024-11-10T22:52:37.073898" elapsed="0.015645"/>
</if>
<arg>${rate}</arg>
<status status="PASS" start="2024-11-10T22:52:25.674205" elapsed="11.415338"/>
</kw>
<arg>Lista Schindlera</arg>
<arg>6</arg>
<status status="PASS" start="2024-11-10T22:52:22.164714" elapsed="14.924829"/>
</kw>
<kw name="Rate Film Or Tv Show" owner="movie_keyword">
<kw name="Open Film Or Tv Show Page" owner="movie_keyword">
<kw name="Set Driver" owner="MoviePage">
<arg>${driver}</arg>
<status status="PASS" start="2024-11-10T22:52:37.090439" elapsed="0.000000"/>
</kw>
<kw name="Get Url" owner="MoviePage">
<arg>${BASE_URL}/search#/?query=${title}</arg>
<status status="PASS" start="2024-11-10T22:52:37.090439" elapsed="0.224158"/>
</kw>
<kw name="Open Page" owner="MoviePage">
<arg>${title}</arg>
<status status="PASS" start="2024-11-10T22:52:37.315601" elapsed="3.816639"/>
</kw>
<arg>${title}</arg>
<status status="PASS" start="2024-11-10T22:52:37.090439" elapsed="4.041801"/>
</kw>
<kw name="Give Star In Rating Section" owner="movie_keyword">
<kw name="Scroll To Rating Section" owner="MoviePage">
<status status="PASS" start="2024-11-10T22:52:41.132240" elapsed="3.026990"/>
</kw>
<kw name="Check Rate" owner="MoviePage">
<msg time="2024-11-10T22:52:47.176977" level="INFO">${element} = moja ocena:</msg>
<var>${element}</var>
<status status="PASS" start="2024-11-10T22:52:44.159230" elapsed="3.017747"/>
</kw>
<if>
<branch type="IF" condition="&quot;${element}&quot; == &quot;moja ocena:&quot;">
<kw name="Rate Film" owner="MoviePage">
<arg>${rate}</arg>
<status status="PASS" start="2024-11-10T22:52:47.176977" elapsed="2.572497"/>
</kw>
<status status="PASS" start="2024-11-10T22:52:47.176977" elapsed="2.572497"/>
</branch>
<branch type="ELSE IF" condition="&quot;${element}&quot; == &quot;brak oceny&quot;">
<kw name="Rate Film" owner="MoviePage">
<arg>${rate}</arg>
<status status="NOT RUN" start="2024-11-10T22:52:49.749474" elapsed="0.000000"/>
</kw>
<status status="NOT RUN" start="2024-11-10T22:52:49.749474" elapsed="0.000000"/>
</branch>
<branch type="ELSE">
<kw name="Fail" owner="BuiltIn">
<doc>Fails the test with the given message and optionally alters its tags.</doc>
<status status="NOT RUN" start="2024-11-10T22:52:49.749474" elapsed="0.000000"/>
</kw>
<status status="NOT RUN" start="2024-11-10T22:52:49.749474" elapsed="0.000000"/>
</branch>
<status status="PASS" start="2024-11-10T22:52:47.176977" elapsed="2.572497"/>
</if>
<kw name="Check Rate" owner="MoviePage">
<msg time="2024-11-10T22:52:52.774619" level="INFO">${element} = Dobry</msg>
<var>${element}</var>
<status status="PASS" start="2024-11-10T22:52:49.749474" elapsed="3.025145"/>
</kw>
<if>
<branch type="IF" condition="&quot;${element}&quot; == &quot;moja ocena:&quot;">
<kw name="Fail" owner="BuiltIn">
<doc>Fails the test with the given message and optionally alters its tags.</doc>
<status status="NOT RUN" start="2024-11-10T22:52:52.774619" elapsed="0.000000"/>
</kw>
<status status="NOT RUN" start="2024-11-10T22:52:52.774619" elapsed="0.000000"/>
</branch>
<branch type="ELSE IF" condition="&quot;${element}&quot; == &quot;brak oceny&quot;">
<kw name="Fail" owner="BuiltIn">
<doc>Fails the test with the given message and optionally alters its tags.</doc>
<status status="NOT RUN" start="2024-11-10T22:52:52.774619" elapsed="0.000000"/>
</kw>
<status status="NOT RUN" start="2024-11-10T22:52:52.774619" elapsed="0.000000"/>
</branch>
<status status="PASS" start="2024-11-10T22:52:52.774619" elapsed="0.000000"/>
</if>
<arg>${rate}</arg>
<status status="PASS" start="2024-11-10T22:52:41.132240" elapsed="11.642379"/>
</kw>
<arg>Służące</arg>
<arg>7</arg>
<status status="PASS" start="2024-11-10T22:52:37.090439" elapsed="15.684180"/>
</kw>
<kw name="Rate Film Or Tv Show" owner="movie_keyword">
<kw name="Open Film Or Tv Show Page" owner="movie_keyword">
<kw name="Set Driver" owner="MoviePage">
<arg>${driver}</arg>
<status status="PASS" start="2024-11-10T22:52:52.774619" elapsed="0.000000"/>
</kw>
<kw name="Get Url" owner="MoviePage">
<arg>${BASE_URL}/search#/?query=${title}</arg>
<status status="PASS" start="2024-11-10T22:52:52.774619" elapsed="0.245242"/>
</kw>
<kw name="Open Page" owner="MoviePage">
<arg>${title}</arg>
<status status="PASS" start="2024-11-10T22:52:53.019861" elapsed="3.800854"/>
</kw>
<arg>${title}</arg>
<status status="PASS" start="2024-11-10T22:52:52.774619" elapsed="4.046096"/>
</kw>
<kw name="Give Star In Rating Section" owner="movie_keyword">
<kw name="Scroll To Rating Section" owner="MoviePage">
<status status="PASS" start="2024-11-10T22:52:56.820715" elapsed="3.032086"/>
</kw>
<kw name="Check Rate" owner="MoviePage">
<msg time="2024-11-10T22:53:12.862357" level="FAIL">NoSuchElementException: Message: no such element: Unable to locate element: {"method":"css selector","selector":".sc-DWsrX.bMHBPq"}
  (Session info: chrome=130.0.6723.117); For documentation on this error, please visit: https://www.selenium.dev/documentation/webdriver/troubleshooting/errors#no-such-element-exception
Stacktrace:
	GetHandleVerifier [0x00A4EBD3+24307]
	(No symbol) [0x009D8D74]
	(No symbol) [0x008BC323]
	(No symbol) [0x008FDC86]
	(No symbol) [0x008FDECB]
	(No symbol) [0x0093B9F2]
	(No symbol) [0x0091FED4]
	(No symbol) [0x00939579]
	(No symbol) [0x0091FC26]
	(No symbol) [0x008F219C]
	(No symbol) [0x008F311D]
	GetHandleVerifier [0x00CF8D93+2818227]
	GetHandleVerifier [0x00D5542E+3196750]
	GetHandleVerifier [0x00D4D9D2+3165426]
	GetHandleVerifier [0x00AEDA70+675216]
	(No symbol) [0x009E1B3D]
	(No symbol) [0x009DEA18]
	(No symbol) [0x009DEBB5]
	(No symbol) [0x009D1640]
	BaseThreadInitThunk [0x76037BA9+25]
	RtlInitializeExceptionChain [0x7705C0CB+107]
	RtlClearBits [0x7705C04F+191]
</msg>
<var>${element}</var>
<status status="FAIL" start="2024-11-10T22:52:59.852801" elapsed="13.009556">NoSuchElementException: Message: no such element: Unable to locate element: {"method":"css selector","selector":".sc-DWsrX.bMHBPq"}
  (Session info: chrome=130.0.6723.117); For documentation on this error, please visit: https://www.selenium.dev/documentation/webdriver/troubleshooting/errors#no-such-element-exception
Stacktrace:
	GetHandleVerifier [0x00A4EBD3+24307]
	(No symbol) [0x009D8D74]
	(No symbol) [0x008BC323]
	(No symbol) [0x008FDC86]
	(No symbol) [0x008FDECB]
	(No symbol) [0x0093B9F2]
	(No symbol) [0x0091FED4]
	(No symbol) [0x00939579]
	(No symbol) [0x0091FC26]
	(No symbol) [0x008F219C]
	(No symbol) [0x008F311D]
	GetHandleVerifier [0x00CF8D93+2818227]
	GetHandleVerifier [0x00D5542E+3196750]
	GetHandleVerifier [0x00D4D9D2+3165426]
	GetHandleVerifier [0x00AEDA70+675216]
	(No symbol) [0x009E1B3D]
	(No symbol) [0x009DEA18]
	(No symbol) [0x009DEBB5]
	(No symbol) [0x009D1640]
	BaseThreadInitThunk [0x76037BA9+25]
	RtlInitializeExceptionChain [0x7705C0CB+107]
	RtlClearBits [0x7705C04F+191]
</status>
</kw>
<if>
<branch type="IF" condition="&quot;${element}&quot; == &quot;moja ocena:&quot;">
<kw name="Rate Film" owner="MoviePage">
<arg>${rate}</arg>
<status status="NOT RUN" start="2024-11-10T22:53:12.862357" elapsed="0.000000"/>
</kw>
<status status="NOT RUN" start="2024-11-10T22:53:12.862357" elapsed="0.000000"/>
</branch>
<branch type="ELSE IF" condition="&quot;${element}&quot; == &quot;brak oceny&quot;">
<kw name="Rate Film" owner="MoviePage">
<arg>${rate}</arg>
<status status="NOT RUN" start="2024-11-10T22:53:12.862357" elapsed="0.000000"/>
</kw>
<status status="NOT RUN" start="2024-11-10T22:53:12.862357" elapsed="0.000000"/>
</branch>
<branch type="ELSE">
<kw name="Fail" owner="BuiltIn">
<doc>Fails the test with the given message and optionally alters its tags.</doc>
<status status="NOT RUN" start="2024-11-10T22:53:12.862357" elapsed="0.000000"/>
</kw>
<status status="NOT RUN" start="2024-11-10T22:53:12.862357" elapsed="0.000000"/>
</branch>
<status status="NOT RUN" start="2024-11-10T22:53:12.862357" elapsed="0.000000"/>
</if>
<kw name="Check Rate" owner="MoviePage">
<var>${element}</var>
<status status="NOT RUN" start="2024-11-10T22:53:12.862357" elapsed="0.000000"/>
</kw>
<if>
<branch type="IF" condition="&quot;${element}&quot; == &quot;moja ocena:&quot;">
<kw name="Fail" owner="BuiltIn">
<doc>Fails the test with the given message and optionally alters its tags.</doc>
<status status="NOT RUN" start="2024-11-10T22:53:12.862357" elapsed="0.000000"/>
</kw>
<status status="NOT RUN" start="2024-11-10T22:53:12.862357" elapsed="0.000000"/>
</branch>
<branch type="ELSE IF" condition="&quot;${element}&quot; == &quot;brak oceny&quot;">
<kw name="Fail" owner="BuiltIn">
<doc>Fails the test with the given message and optionally alters its tags.</doc>
<status status="NOT RUN" start="2024-11-10T22:53:12.862357" elapsed="0.000000"/>
</kw>
<status status="NOT RUN" start="2024-11-10T22:53:12.862357" elapsed="0.000000"/>
</branch>
<status status="NOT RUN" start="2024-11-10T22:53:12.862357" elapsed="0.000000"/>
</if>
<arg>${rate}</arg>
<status status="FAIL" start="2024-11-10T22:52:56.820715" elapsed="16.041642">NoSuchElementException: Message: no such element: Unable to locate element: {"method":"css selector","selector":".sc-DWsrX.bMHBPq"}
  (Session info: chrome=130.0.6723.117); For documentation on this error, please visit: https://www.selenium.dev/documentation/webdriver/troubleshooting/errors#no-such-element-exception
Stacktrace:
	GetHandleVerifier [0x00A4EBD3+24307]
	(No symbol) [0x009D8D74]
	(No symbol) [0x008BC323]
	(No symbol) [0x008FDC86]
	(No symbol) [0x008FDECB]
	(No symbol) [0x0093B9F2]
	(No symbol) [0x0091FED4]
	(No symbol) [0x00939579]
	(No symbol) [0x0091FC26]
	(No symbol) [0x008F219C]
	(No symbol) [0x008F311D]
	GetHandleVerifier [0x00CF8D93+2818227]
	GetHandleVerifier [0x00D5542E+3196750]
	GetHandleVerifier [0x00D4D9D2+3165426]
	GetHandleVerifier [0x00AEDA70+675216]
	(No symbol) [0x009E1B3D]
	(No symbol) [0x009DEA18]
	(No symbol) [0x009DEBB5]
	(No symbol) [0x009D1640]
	BaseThreadInitThunk [0x76037BA9+25]
	RtlInitializeExceptionChain [0x7705C0CB+107]
	RtlClearBits [0x7705C04F+191]
</status>
</kw>
<arg>Incepcja</arg>
<arg>8</arg>
<status status="FAIL" start="2024-11-10T22:52:52.774619" elapsed="20.087738">NoSuchElementException: Message: no such element: Unable to locate element: {"method":"css selector","selector":".sc-DWsrX.bMHBPq"}
  (Session info: chrome=130.0.6723.117); For documentation on this error, please visit: https://www.selenium.dev/documentation/webdriver/troubleshooting/errors#no-such-element-exception
Stacktrace:
	GetHandleVerifier [0x00A4EBD3+24307]
	(No symbol) [0x009D8D74]
	(No symbol) [0x008BC323]
	(No symbol) [0x008FDC86]
	(No symbol) [0x008FDECB]
	(No symbol) [0x0093B9F2]
	(No symbol) [0x0091FED4]
	(No symbol) [0x00939579]
	(No symbol) [0x0091FC26]
	(No symbol) [0x008F219C]
	(No symbol) [0x008F311D]
	GetHandleVerifier [0x00CF8D93+2818227]
	GetHandleVerifier [0x00D5542E+3196750]
	GetHandleVerifier [0x00D4D9D2+3165426]
	GetHandleVerifier [0x00AEDA70+675216]
	(No symbol) [0x009E1B3D]
	(No symbol) [0x009DEA18]
	(No symbol) [0x009DEBB5]
	(No symbol) [0x009D1640]
	BaseThreadInitThunk [0x76037BA9+25]
	RtlInitializeExceptionChain [0x7705C0CB+107]
	RtlClearBits [0x7705C04F+191]
</status>
</kw>
<tag>RATE</tag>
<status status="FAIL" start="2024-11-10T22:52:22.164714" elapsed="50.697643">NoSuchElementException: Message: no such element: Unable to locate element: {"method":"css selector","selector":".sc-DWsrX.bMHBPq"}
  (Session info: chrome=130.0.6723.117); For documentation on this error, please visit: https://www.selenium.dev/documentation/webdriver/troubleshooting/errors#no-such-element-exception
Stacktrace:
	GetHandleVerifier [0x00A4EBD3+24307]
	(No symbol) [0x009D8D74]
	(No symbol) [0x008BC323]
	(No symbol) [0x008FDC86]
	(No symbol) [0x008FDECB]
	(No symbol) [0x0093B9F2]
	(No symbol) [0x0091FED4]
	(No symbol) [0x00939579]
	(No symbol) [0x0091FC26]
	(No symbol) [0x008F219C]
	(No symbol) [0x008F311D]
	GetHandleVerifier [0x00CF8D93+2818227]
	GetHandleVerifier [0x00D5542E+3196750]
	GetHandleVerifier [0x00D4D9D2+3165426]
	GetHandleVerifier [0x00AEDA70+675216]
	(No symbol) [0x009E1B3D]
	(No symbol) [0x009DEA18]
	(No symbol) [0x009DEBB5]
	(No symbol) [0x009D1640]
	BaseThreadInitThunk [0x76037BA9+25]
	RtlInitializeExceptionChain [0x7705C0CB+107]
	RtlClearBits [0x7705C04F+191]
</status>
</test>
<kw name="Teardown Browser" owner="setup_teardown" type="TEARDOWN">
<kw name="Run Keyword If" owner="BuiltIn">
<kw name="Close Browser" owner="setup_teardown">
<kw name="Call Method" owner="BuiltIn">
<arg>${driver}</arg>
<arg>quit</arg>
<doc>Calls the named method of the given object with the provided arguments.</doc>
<status status="PASS" start="2024-11-10T22:53:12.878287" elapsed="2.260266"/>
</kw>
<status status="PASS" start="2024-11-10T22:53:12.878287" elapsed="2.260266"/>
</kw>
<arg>${driver}</arg>
<arg>Close Browser</arg>
<doc>Runs the given keyword with the given arguments, if ``condition`` is true.</doc>
<status status="PASS" start="2024-11-10T22:53:12.878287" elapsed="2.260266"/>
</kw>
<doc>Close browser</doc>
<status status="PASS" start="2024-11-10T22:53:12.878287" elapsed="2.260266"/>
</kw>
<doc>Test Suite for check details films and tv series on Filmweb</doc>
<status status="FAIL" start="2024-11-10T22:52:15.355304" elapsed="59.783249"/>
</suite>
<status status="FAIL" start="2024-11-10T22:52:15.324241" elapsed="59.814312"/>
</suite>
<statistics>
<total>
<stat pass="0" fail="1" skip="0">All Tests</stat>
</total>
<tag>
<stat pass="0" fail="1" skip="0">RATE</stat>
</tag>
<suite>
<stat pass="0" fail="1" skip="0" id="s1" name="Tests-Robot">Tests-Robot</stat>
<stat pass="0" fail="1" skip="0" id="s1-s1" name="Test Movie">Tests-Robot.Test Movie</stat>
</suite>
</statistics>
<errors>
<msg time="2024-11-10T22:52:15.888400" level="WARN">Imported library 'D:\python\testing\lib\config.py' contains no keywords.</msg>
</errors>
</robot>
